This file contains any messages produced by compilers while
running configure, to aid debugging if configure makes a mistake.

It was created by configure, which was
generated by GNU Autoconf 2.69.  Invocation command line was

  $ ./configure 

## --------- ##
## Platform. ##
## --------- ##

hostname = puppis
uname -m = x86_64
uname -r = 4.4.0-97-generic
uname -s = Linux
uname -v = #120-Ubuntu SMP Tue Sep 19 17:28:18 UTC 2017

/usr/bin/uname -p = unknown
/bin/uname -X     = unknown

/bin/arch              = unknown
/usr/bin/arch -k       = unknown
/usr/convex/getsysinfo = unknown
/usr/bin/hostinfo      = unknown
/bin/machine           = unknown
/usr/bin/oslevel       = unknown
/bin/universe          = unknown

PATH: /lusr/opt/pintos/
PATH: /lusr/opt/bochs-2.2.6-pintos/bin/
PATH: /lusr/opt/qemu-1.1.1/
PATH: /lusr/bin
PATH: /sbin
PATH: /bin
PATH: /usr/sbin
PATH: /usr/bin
PATH: /usr/games
PATH: /usr/bin/mh
PATH: /lusr/share/hosts
PATH: /lusr/bin/tex
PATH: /lusr/games/bin
PATH: /lusr/opt/condor/bin
PATH: .]


## ----------- ##
## Core tests. ##
## ----------- ##

configure:2372: checking for a BSD-compatible install
configure:2440: result: /usr/bin/install -c
configure:2451: checking whether build environment is sane
configure:2506: result: yes
configure:2657: checking for a thread-safe mkdir -p
configure:2696: result: /bin/mkdir -p
configure:2703: checking for gawk
configure:2719: found /usr/bin/gawk
configure:2730: result: gawk
configure:2741: checking whether make sets $(MAKE)
configure:2763: result: yes
configure:2792: checking whether make supports nested variables
configure:2809: result: yes
configure:3003: checking for g++
configure:3019: found /usr/bin/g++
configure:3030: result: g++
configure:3057: checking for C++ compiler version
configure:3066: g++ --version >&5
g++ (Ubuntu 5.4.0-6ubuntu1~16.04.5) 5.4.0 20160609
Copyright (C) 2015 Free Software Foundation, Inc.
This is free software; see the source for copying conditions.  There is NO
warranty; not even for MERCHANTABILITY or FITNESS FOR A PARTICULAR PURPOSE.

configure:3077: $? = 0
configure:3066: g++ -v >&5
Using built-in specs.
COLLECT_GCC=g++
COLLECT_LTO_WRAPPER=/usr/lib/gcc/x86_64-linux-gnu/5/lto-wrapper
Target: x86_64-linux-gnu
Configured with: ../src/configure -v --with-pkgversion='Ubuntu 5.4.0-6ubuntu1~16.04.5' --with-bugurl=file:///usr/share/doc/gcc-5/README.Bugs --enable-languages=c,ada,c++,java,go,d,fortran,objc,obj-c++ --prefix=/usr --program-suffix=-5 --enable-shared --enable-linker-build-id --libexecdir=/usr/lib --without-included-gettext --enable-threads=posix --libdir=/usr/lib --enable-nls --with-sysroot=/ --enable-clocale=gnu --enable-libstdcxx-debug --enable-libstdcxx-time=yes --with-default-libstdcxx-abi=new --enable-gnu-unique-object --disable-vtable-verify --enable-libmpx --enable-plugin --with-system-zlib --disable-browser-plugin --enable-java-awt=gtk --enable-gtk-cairo --with-java-home=/usr/lib/jvm/java-1.5.0-gcj-5-amd64/jre --enable-java-home --with-jvm-root-dir=/usr/lib/jvm/java-1.5.0-gcj-5-amd64 --with-jvm-jar-dir=/usr/lib/jvm-exports/java-1.5.0-gcj-5-amd64 --with-arch-directory=amd64 --with-ecj-jar=/usr/share/java/eclipse-ecj.jar --enable-objc-gc --enable-multiarch --disable-werror --with-arch-32=i686 --with-abi=m64 --with-multilib-list=m32,m64,mx32 --enable-multilib --with-tune=generic --enable-checking=release --build=x86_64-linux-gnu --host=x86_64-linux-gnu --target=x86_64-linux-gnu
Thread model: posix
gcc version 5.4.0 20160609 (Ubuntu 5.4.0-6ubuntu1~16.04.5) 
configure:3077: $? = 0
configure:3066: g++ -V >&5
g++: error: unrecognized command line option '-V'
g++: fatal error: no input files
compilation terminated.
configure:3077: $? = 1
configure:3066: g++ -qversion >&5
g++: error: unrecognized command line option '-qversion'
g++: fatal error: no input files
compilation terminated.
configure:3077: $? = 1
configure:3097: checking whether the C++ compiler works
configure:3119: g++    conftest.cpp  >&5
configure:3123: $? = 0
configure:3171: result: yes
configure:3174: checking for C++ compiler default output file name
configure:3176: result: a.out
configure:3182: checking for suffix of executables
configure:3189: g++ -o conftest    conftest.cpp  >&5
configure:3193: $? = 0
configure:3215: result: 
configure:3237: checking whether we are cross compiling
configure:3245: g++ -o conftest    conftest.cpp  >&5
configure:3249: $? = 0
configure:3256: ./conftest
configure:3260: $? = 0
configure:3275: result: no
configure:3280: checking for suffix of object files
configure:3302: g++ -c   conftest.cpp >&5
configure:3306: $? = 0
configure:3327: result: o
configure:3331: checking whether we are using the GNU C++ compiler
configure:3350: g++ -c   conftest.cpp >&5
configure:3350: $? = 0
configure:3359: result: yes
configure:3368: checking whether g++ accepts -g
configure:3388: g++ -c -g  conftest.cpp >&5
configure:3388: $? = 0
configure:3429: result: yes
configure:3463: checking for style of include used by make
configure:3491: result: GNU
configure:3517: checking dependency style of g++
configure:3628: result: gcc3
configure:3672: checking build system type
configure:3686: result: x86_64-pc-linux-gnu
configure:3706: checking host system type
configure:3719: result: x86_64-pc-linux-gnu
configure:3760: checking how to print strings
configure:3787: result: printf
configure:3856: checking for gcc
configure:3872: found /usr/bin/gcc
configure:3883: result: gcc
configure:4112: checking for C compiler version
configure:4121: gcc --version >&5
gcc (Ubuntu 5.4.0-6ubuntu1~16.04.5) 5.4.0 20160609
Copyright (C) 2015 Free Software Foundation, Inc.
This is free software; see the source for copying conditions.  There is NO
warranty; not even for MERCHANTABILITY or FITNESS FOR A PARTICULAR PURPOSE.

configure:4132: $? = 0
configure:4121: gcc -v >&5
Using built-in specs.
COLLECT_GCC=gcc
COLLECT_LTO_WRAPPER=/usr/lib/gcc/x86_64-linux-gnu/5/lto-wrapper
Target: x86_64-linux-gnu
Configured with: ../src/configure -v --with-pkgversion='Ubuntu 5.4.0-6ubuntu1~16.04.5' --with-bugurl=file:///usr/share/doc/gcc-5/README.Bugs --enable-languages=c,ada,c++,java,go,d,fortran,objc,obj-c++ --prefix=/usr --program-suffix=-5 --enable-shared --enable-linker-build-id --libexecdir=/usr/lib --without-included-gettext --enable-threads=posix --libdir=/usr/lib --enable-nls --with-sysroot=/ --enable-clocale=gnu --enable-libstdcxx-debug --enable-libstdcxx-time=yes --with-default-libstdcxx-abi=new --enable-gnu-unique-object --disable-vtable-verify --enable-libmpx --enable-plugin --with-system-zlib --disable-browser-plugin --enable-java-awt=gtk --enable-gtk-cairo --with-java-home=/usr/lib/jvm/java-1.5.0-gcj-5-amd64/jre --enable-java-home --with-jvm-root-dir=/usr/lib/jvm/java-1.5.0-gcj-5-amd64 --with-jvm-jar-dir=/usr/lib/jvm-exports/java-1.5.0-gcj-5-amd64 --with-arch-directory=amd64 --with-ecj-jar=/usr/share/java/eclipse-ecj.jar --enable-objc-gc --enable-multiarch --disable-werror --with-arch-32=i686 --with-abi=m64 --with-multilib-list=m32,m64,mx32 --enable-multilib --with-tune=generic --enable-checking=release --build=x86_64-linux-gnu --host=x86_64-linux-gnu --target=x86_64-linux-gnu
Thread model: posix
gcc version 5.4.0 20160609 (Ubuntu 5.4.0-6ubuntu1~16.04.5) 
configure:4132: $? = 0
configure:4121: gcc -V >&5
gcc: error: unrecognized command line option '-V'
gcc: fatal error: no input files
compilation terminated.
configure:4132: $? = 1
configure:4121: gcc -qversion >&5
gcc: error: unrecognized command line option '-qversion'
gcc: fatal error: no input files
compilation terminated.
configure:4132: $? = 1
configure:4136: checking whether we are using the GNU C compiler
configure:4155: gcc -c   conftest.c >&5
configure:4155: $? = 0
configure:4164: result: yes
configure:4173: checking whether gcc accepts -g
configure:4193: gcc -c -g  conftest.c >&5
configure:4193: $? = 0
configure:4234: result: yes
configure:4251: checking for gcc option to accept ISO C89
configure:4314: gcc  -c -g -O2  conftest.c >&5
configure:4314: $? = 0
configure:4327: result: none needed
configure:4352: checking whether gcc understands -c and -o together
configure:4374: gcc -c conftest.c -o conftest2.o
configure:4377: $? = 0
configure:4374: gcc -c conftest.c -o conftest2.o
configure:4377: $? = 0
configure:4389: result: yes
configure:4408: checking dependency style of gcc
configure:4519: result: gcc3
configure:4534: checking for a sed that does not truncate output
configure:4598: result: /bin/sed
configure:4616: checking for grep that handles long lines and -e
configure:4674: result: /bin/grep
configure:4679: checking for egrep
configure:4741: result: /bin/grep -E
configure:4746: checking for fgrep
configure:4808: result: /bin/grep -F
configure:4843: checking for ld used by gcc
configure:4910: result: /usr/bin/ld
configure:4917: checking if the linker (/usr/bin/ld) is GNU ld
configure:4932: result: yes
configure:4944: checking for BSD- or MS-compatible name lister (nm)
configure:4998: result: /usr/bin/nm -B
configure:5128: checking the name lister (/usr/bin/nm -B) interface
configure:5135: g++ -c -g -O2  conftest.cpp >&5
configure:5138: /usr/bin/nm -B "conftest.o"
configure:5141: output
0000000000000000 B some_variable
configure:5148: result: BSD nm
configure:5151: checking whether ln -s works
configure:5155: result: yes
configure:5163: checking the maximum length of command line arguments
configure:5294: result: 1572864
configure:5342: checking how to convert x86_64-pc-linux-gnu file names to x86_64-pc-linux-gnu format
configure:5382: result: func_convert_file_noop
configure:5389: checking how to convert x86_64-pc-linux-gnu file names to toolchain format
configure:5409: result: func_convert_file_noop
configure:5416: checking for /usr/bin/ld option to reload object files
configure:5423: result: -r
configure:5497: checking for objdump
configure:5513: found /usr/bin/objdump
configure:5524: result: objdump
configure:5556: checking how to recognize dependent libraries
configure:5756: result: pass_all
configure:5841: checking for dlltool
configure:5871: result: no
configure:5901: checking how to associate runtime and link libraries
configure:5928: result: printf %s\n
configure:5989: checking for ar
configure:6005: found /usr/bin/ar
configure:6016: result: ar
configure:6053: checking for archiver @FILE support
configure:6070: g++ -c -g -O2  conftest.cpp >&5
configure:6070: $? = 0
configure:6073: ar cru libconftest.a @conftest.lst >&5
ar: `u' modifier ignored since `D' is the default (see `U')
configure:6076: $? = 0
configure:6081: ar cru libconftest.a @conftest.lst >&5
ar: `u' modifier ignored since `D' is the default (see `U')
ar: conftest.o: No such file or directory
configure:6084: $? = 1
configure:6096: result: @
configure:6154: checking for strip
configure:6170: found /usr/bin/strip
configure:6181: result: strip
configure:6253: checking for ranlib
configure:6269: found /usr/bin/ranlib
configure:6280: result: ranlib
configure:6382: checking command to parse /usr/bin/nm -B output from gcc object
configure:6535: g++ -c -g -O2  conftest.cpp >&5
configure:6538: $? = 0
configure:6542: /usr/bin/nm -B conftest.o \| sed -n -e 's/^.*[ ]\([ABCDGIRSTW][ABCDGIRSTW]*\)[ ][ ]*\([_A-Za-z][_A-Za-z0-9]*\)$/\1 \2 \2/p' | sed '/ __gnu_lto/d' \> conftest.nm
configure:6545: $? = 0
configure:6611: g++ -o conftest -g -O2   conftest.cpp conftstm.o >&5
configure:6614: $? = 0
configure:6652: result: ok
configure:6699: checking for sysroot
configure:6729: result: no
configure:6736: checking for a working dd
configure:6774: result: /bin/dd
configure:6778: checking how to truncate binary pipes
configure:6793: result: /bin/dd bs=4096 count=1
configure:6930: g++ -c -g -O2  conftest.cpp >&5
configure:6933: $? = 0
configure:7123: checking for mt
configure:7139: found /bin/mt
configure:7150: result: mt
configure:7173: checking if mt is a manifest tool
configure:7179: mt '-?'
configure:7187: result: no
configure:7864: checking how to run the C preprocessor
configure:7895: gcc -E  conftest.c
configure:7895: $? = 0
configure:7909: gcc -E  conftest.c
conftest.c:11:28: fatal error: ac_nonexistent.h: No such file or directory
compilation terminated.
configure:7909: $? = 1
configure: failed program was:
| /* confdefs.h */
| #define PACKAGE_NAME ""
| #define PACKAGE_TARNAME ""
| #define PACKAGE_VERSION ""
| #define PACKAGE_STRING ""
| #define PACKAGE_BUGREPORT ""
| #define PACKAGE_URL ""
| #define PACKAGE "SampleApp"
| #define VERSION "0.1"
| /* end confdefs.h.  */
| #include <ac_nonexistent.h>
configure:7934: result: gcc -E
configure:7954: gcc -E  conftest.c
configure:7954: $? = 0
configure:7968: gcc -E  conftest.c
conftest.c:11:28: fatal error: ac_nonexistent.h: No such file or directory
compilation terminated.
configure:7968: $? = 1
configure: failed program was:
| /* confdefs.h */
| #define PACKAGE_NAME ""
| #define PACKAGE_TARNAME ""
| #define PACKAGE_VERSION ""
| #define PACKAGE_STRING ""
| #define PACKAGE_BUGREPORT ""
| #define PACKAGE_URL ""
| #define PACKAGE "SampleApp"
| #define VERSION "0.1"
| /* end confdefs.h.  */
| #include <ac_nonexistent.h>
configure:7997: checking for ANSI C header files
configure:8017: gcc -c -g -O2  conftest.c >&5
configure:8017: $? = 0
configure:8090: gcc -o conftest -g -O2   conftest.c  >&5
configure:8090: $? = 0
configure:8090: ./conftest
configure:8090: $? = 0
configure:8101: result: yes
configure:8114: checking for sys/types.h
configure:8114: gcc -c -g -O2  conftest.c >&5
configure:8114: $? = 0
configure:8114: result: yes
configure:8114: checking for sys/stat.h
configure:8114: gcc -c -g -O2  conftest.c >&5
configure:8114: $? = 0
configure:8114: result: yes
configure:8114: checking for stdlib.h
configure:8114: gcc -c -g -O2  conftest.c >&5
configure:8114: $? = 0
configure:8114: result: yes
configure:8114: checking for string.h
configure:8114: gcc -c -g -O2  conftest.c >&5
configure:8114: $? = 0
configure:8114: result: yes
configure:8114: checking for memory.h
configure:8114: gcc -c -g -O2  conftest.c >&5
configure:8114: $? = 0
configure:8114: result: yes
configure:8114: checking for strings.h
configure:8114: gcc -c -g -O2  conftest.c >&5
configure:8114: $? = 0
configure:8114: result: yes
configure:8114: checking for inttypes.h
configure:8114: gcc -c -g -O2  conftest.c >&5
configure:8114: $? = 0
configure:8114: result: yes
configure:8114: checking for stdint.h
configure:8114: gcc -c -g -O2  conftest.c >&5
configure:8114: $? = 0
configure:8114: result: yes
configure:8114: checking for unistd.h
configure:8114: gcc -c -g -O2  conftest.c >&5
configure:8114: $? = 0
configure:8114: result: yes
configure:8128: checking for dlfcn.h
configure:8128: gcc -c -g -O2  conftest.c >&5
configure:8128: $? = 0
configure:8128: result: yes
configure:8394: checking for objdir
configure:8409: result: .libs
configure:8669: checking if gcc supports -fno-rtti -fno-exceptions
configure:8687: gcc -c -g -O2  -fno-rtti -fno-exceptions conftest.c >&5
cc1: warning: command line option '-fno-rtti' is valid for C++/ObjC++ but not for C
configure:8691: $? = 0
configure:8704: result: no
configure:9062: checking for gcc option to produce PIC
configure:9069: result: -fPIC -DPIC
configure:9077: checking if gcc PIC flag -fPIC -DPIC works
configure:9095: gcc -c -g -O2  -fPIC -DPIC -DPIC conftest.c >&5
configure:9099: $? = 0
configure:9112: result: yes
configure:9141: checking if gcc static flag -static works
configure:9169: result: yes
configure:9184: checking if gcc supports -c -o file.o
configure:9205: gcc -c -g -O2  -o out/conftest2.o conftest.c >&5
configure:9209: $? = 0
configure:9231: result: yes
configure:9239: checking if gcc supports -c -o file.o
configure:9286: result: yes
configure:9319: checking whether the gcc linker (/usr/bin/ld -m elf_x86_64) supports shared libraries
configure:10582: result: yes
configure:10619: checking whether -lc should be explicitly linked in
configure:10627: gcc -c -g -O2  conftest.c >&5
configure:10630: $? = 0
configure:10645: gcc -shared  -fPIC -DPIC conftest.o  -v -Wl,-soname -Wl,conftest -o conftest 2\>\&1 \| /bin/grep  -lc  \>/dev/null 2\>\&1
configure:10648: $? = 0
configure:10662: result: no
configure:10822: checking dynamic linker characteristics
configure:11403: gcc -o conftest -g -O2   -Wl,-rpath -Wl,/foo conftest.c  >&5
configure:11403: $? = 0
configure:11652: result: GNU/Linux ld.so
configure:11774: checking how to hardcode library paths into programs
configure:11799: result: immediate
configure:12347: checking whether stripping libraries is possible
configure:12352: result: yes
configure:12387: checking if libtool supports shared libraries
configure:12389: result: yes
configure:12392: checking whether to build shared libraries
configure:12417: result: yes
configure:12420: checking whether to build static libraries
configure:12424: result: yes
configure:12447: checking how to run the C++ preprocessor
configure:12474: g++ -E  conftest.cpp
configure:12474: $? = 0
configure:12488: g++ -E  conftest.cpp
conftest.cpp:23:28: fatal error: ac_nonexistent.h: No such file or directory
compilation terminated.
configure:12488: $? = 1
configure: failed program was:
| /* confdefs.h */
| #define PACKAGE_NAME ""
| #define PACKAGE_TARNAME ""
| #define PACKAGE_VERSION ""
| #define PACKAGE_STRING ""
| #define PACKAGE_BUGREPORT ""
| #define PACKAGE_URL ""
| #define PACKAGE "SampleApp"
| #define VERSION "0.1"
| #define STDC_HEADERS 1
| #define HAVE_SYS_TYPES_H 1
| #define HAVE_SYS_STAT_H 1
| #define HAVE_STDLIB_H 1
| #define HAVE_STRING_H 1
| #define HAVE_MEMORY_H 1
| #define HAVE_STRINGS_H 1
| #define HAVE_INTTYPES_H 1
| #define HAVE_STDINT_H 1
| #define HAVE_UNISTD_H 1
| #define HAVE_DLFCN_H 1
| #define LT_OBJDIR ".libs/"
| /* end confdefs.h.  */
| #include <ac_nonexistent.h>
configure:12513: result: g++ -E
configure:12533: g++ -E  conftest.cpp
configure:12533: $? = 0
configure:12547: g++ -E  conftest.cpp
conftest.cpp:23:28: fatal error: ac_nonexistent.h: No such file or directory
compilation terminated.
configure:12547: $? = 1
configure: failed program was:
| /* confdefs.h */
| #define PACKAGE_NAME ""
| #define PACKAGE_TARNAME ""
| #define PACKAGE_VERSION ""
| #define PACKAGE_STRING ""
| #define PACKAGE_BUGREPORT ""
| #define PACKAGE_URL ""
| #define PACKAGE "SampleApp"
| #define VERSION "0.1"
| #define STDC_HEADERS 1
| #define HAVE_SYS_TYPES_H 1
| #define HAVE_SYS_STAT_H 1
| #define HAVE_STDLIB_H 1
| #define HAVE_STRING_H 1
| #define HAVE_MEMORY_H 1
| #define HAVE_STRINGS_H 1
| #define HAVE_INTTYPES_H 1
| #define HAVE_STDINT_H 1
| #define HAVE_UNISTD_H 1
| #define HAVE_DLFCN_H 1
| #define LT_OBJDIR ".libs/"
| /* end confdefs.h.  */
| #include <ac_nonexistent.h>
configure:12709: checking for ld used by g++
configure:12776: result: /usr/bin/ld -m elf_x86_64
configure:12783: checking if the linker (/usr/bin/ld -m elf_x86_64) is GNU ld
configure:12798: result: yes
configure:12853: checking whether the g++ linker (/usr/bin/ld -m elf_x86_64) supports shared libraries
configure:13926: result: yes
configure:13962: g++ -c -g -O2  conftest.cpp >&5
configure:13965: $? = 0
configure:14446: checking for g++ option to produce PIC
configure:14453: result: -fPIC -DPIC
configure:14461: checking if g++ PIC flag -fPIC -DPIC works
configure:14479: g++ -c -g -O2  -fPIC -DPIC -DPIC conftest.cpp >&5
configure:14483: $? = 0
configure:14496: result: yes
configure:14519: checking if g++ static flag -static works
configure:14547: result: yes
configure:14559: checking if g++ supports -c -o file.o
configure:14580: g++ -c -g -O2  -o out/conftest2.o conftest.cpp >&5
configure:14584: $? = 0
configure:14606: result: yes
configure:14611: checking if g++ supports -c -o file.o
configure:14658: result: yes
configure:14688: checking whether the g++ linker (/usr/bin/ld -m elf_x86_64) supports shared libraries
configure:14731: result: yes
configure:14872: checking dynamic linker characteristics
configure:15629: result: GNU/Linux ld.so
configure:15694: checking how to hardcode library paths into programs
configure:15719: result: immediate
configure:15835: checking for pkg-config
configure:15853: found /usr/bin/pkg-config
configure:15865: result: /usr/bin/pkg-config
configure:15890: checking pkg-config is at least version 0.9.0
configure:15893: result: yes
configure:15903: checking for OGRE
configure:15910: $PKG_CONFIG --exists --print-errors "OGRE >= 1.2"
configure:15913: $? = 0
configure:15927: $PKG_CONFIG --exists --print-errors "OGRE >= 1.2"
configure:15930: $? = 0
configure:15988: result: yes
configure:15997: checking for OIS
configure:16004: $PKG_CONFIG --exists --print-errors "OIS >= 1.0"
configure:16007: $? = 0
configure:16021: $PKG_CONFIG --exists --print-errors "OIS >= 1.0"
configure:16024: $? = 0
configure:16082: result: yes
configure:16091: checking for bullet
configure:16098: $PKG_CONFIG --exists --print-errors "bullet >= 2.79"
configure:16101: $? = 0
configure:16115: $PKG_CONFIG --exists --print-errors "bullet >= 2.79"
configure:16118: $? = 0
configure:16176: result: yes
configure:16185: checking for SDL
configure:16192: $PKG_CONFIG --exists --print-errors "sdl >= 1.2"
configure:16195: $? = 0
configure:16209: $PKG_CONFIG --exists --print-errors "sdl >= 1.2"
configure:16212: $? = 0
configure:16270: result: yes
configure:16279: checking for SDL_net
configure:16286: $PKG_CONFIG --exists --print-errors "SDL_net >= 1.2"
configure:16289: $? = 0
configure:16303: $PKG_CONFIG --exists --print-errors "SDL_net >= 1.2"
configure:16306: $? = 0
configure:16364: result: yes
configure:16373: checking for CEGUI
configure:16380: $PKG_CONFIG --exists --print-errors "CEGUI-0 >= 0.8.7"
configure:16383: $? = 0
configure:16397: $PKG_CONFIG --exists --print-errors "CEGUI-0 >= 0.8.7"
configure:16400: $? = 0
configure:16458: result: yes
configure:16467: checking for CEGUI_0_OGRE
configure:16474: $PKG_CONFIG --exists --print-errors "CEGUI-0-OGRE >= 0.7"
configure:16477: $? = 0
configure:16491: $PKG_CONFIG --exists --print-errors "CEGUI-0-OGRE >= 0.7"
configure:16494: $? = 0
configure:16552: result: yes
configure:16669: checking that generated files are newer than configure
configure:16675: result: done
configure:16702: creating ./config.status

## ---------------------- ##
## Running config.status. ##
## ---------------------- ##

This file was extended by config.status, which was
generated by GNU Autoconf 2.69.  Invocation command line was

  CONFIG_FILES    = 
  CONFIG_HEADERS  = 
  CONFIG_LINKS    = 
  CONFIG_COMMANDS = 
  $ ./config.status 

on puppis

config.status:1168: creating Makefile
config.status:1168: creating config.h
config.status:1349: config.h is unchanged
config.status:1397: executing depfiles commands
config.status:1397: executing libtool commands

## ---------------- ##
## Cache variables. ##
## ---------------- ##

ac_cv_build=x86_64-pc-linux-gnu
ac_cv_c_compiler_gnu=yes
ac_cv_cxx_compiler_gnu=yes
ac_cv_env_CCC_set=
ac_cv_env_CCC_value=
ac_cv_env_CC_set=
ac_cv_env_CC_value=
ac_cv_env_CEGUI_0_OGRE_CFLAGS_set=
ac_cv_env_CEGUI_0_OGRE_CFLAGS_value=
ac_cv_env_CEGUI_0_OGRE_LIBS_set=
ac_cv_env_CEGUI_0_OGRE_LIBS_value=
ac_cv_env_CEGUI_CFLAGS_set=
ac_cv_env_CEGUI_CFLAGS_value=
ac_cv_env_CEGUI_LIBS_set=
ac_cv_env_CEGUI_LIBS_value=
ac_cv_env_CFLAGS_set=
ac_cv_env_CFLAGS_value=
ac_cv_env_CPPFLAGS_set=
ac_cv_env_CPPFLAGS_value=
ac_cv_env_CPP_set=
ac_cv_env_CPP_value=
ac_cv_env_CXXCPP_set=
ac_cv_env_CXXCPP_value=
ac_cv_env_CXXFLAGS_set=
ac_cv_env_CXXFLAGS_value=
ac_cv_env_CXX_set=
ac_cv_env_CXX_value=
ac_cv_env_LDFLAGS_set=
ac_cv_env_LDFLAGS_value=
ac_cv_env_LIBS_set=
ac_cv_env_LIBS_value=
ac_cv_env_LT_SYS_LIBRARY_PATH_set=
ac_cv_env_LT_SYS_LIBRARY_PATH_value=
ac_cv_env_OGRE_CFLAGS_set=
ac_cv_env_OGRE_CFLAGS_value=
ac_cv_env_OGRE_LIBS_set=
ac_cv_env_OGRE_LIBS_value=
ac_cv_env_OIS_CFLAGS_set=
ac_cv_env_OIS_CFLAGS_value=
ac_cv_env_OIS_LIBS_set=
ac_cv_env_OIS_LIBS_value=
ac_cv_env_PKG_CONFIG_LIBDIR_set=
ac_cv_env_PKG_CONFIG_LIBDIR_value=
ac_cv_env_PKG_CONFIG_PATH_set=
ac_cv_env_PKG_CONFIG_PATH_value=
ac_cv_env_PKG_CONFIG_set=
ac_cv_env_PKG_CONFIG_value=
ac_cv_env_SDL_CFLAGS_set=
ac_cv_env_SDL_CFLAGS_value=
ac_cv_env_SDL_LIBS_set=
ac_cv_env_SDL_LIBS_value=
ac_cv_env_SDL_net_CFLAGS_set=
ac_cv_env_SDL_net_CFLAGS_value=
ac_cv_env_SDL_net_LIBS_set=
ac_cv_env_SDL_net_LIBS_value=
ac_cv_env_build_alias_set=
ac_cv_env_build_alias_value=
ac_cv_env_bullet_CFLAGS_set=
ac_cv_env_bullet_CFLAGS_value=
ac_cv_env_bullet_LIBS_set=
ac_cv_env_bullet_LIBS_value=
ac_cv_env_host_alias_set=
ac_cv_env_host_alias_value=
ac_cv_env_target_alias_set=
ac_cv_env_target_alias_value=
ac_cv_header_dlfcn_h=yes
ac_cv_header_inttypes_h=yes
ac_cv_header_memory_h=yes
ac_cv_header_stdc=yes
ac_cv_header_stdint_h=yes
ac_cv_header_stdlib_h=yes
ac_cv_header_string_h=yes
ac_cv_header_strings_h=yes
ac_cv_header_sys_stat_h=yes
ac_cv_header_sys_types_h=yes
ac_cv_header_unistd_h=yes
ac_cv_host=x86_64-pc-linux-gnu
ac_cv_objext=o
ac_cv_path_EGREP='/bin/grep -E'
ac_cv_path_FGREP='/bin/grep -F'
ac_cv_path_GREP=/bin/grep
ac_cv_path_SED=/bin/sed
ac_cv_path_ac_pt_PKG_CONFIG=/usr/bin/pkg-config
ac_cv_path_install='/usr/bin/install -c'
ac_cv_path_lt_DD=/bin/dd
ac_cv_path_mkdir=/bin/mkdir
ac_cv_prog_AWK=gawk
ac_cv_prog_CPP='gcc -E'
ac_cv_prog_CXXCPP='g++ -E'
ac_cv_prog_ac_ct_AR=ar
ac_cv_prog_ac_ct_CC=gcc
ac_cv_prog_ac_ct_CXX=g++
ac_cv_prog_ac_ct_MANIFEST_TOOL=mt
ac_cv_prog_ac_ct_OBJDUMP=objdump
ac_cv_prog_ac_ct_RANLIB=ranlib
ac_cv_prog_ac_ct_STRIP=strip
ac_cv_prog_cc_c89=
ac_cv_prog_cc_g=yes
ac_cv_prog_cxx_g=yes
ac_cv_prog_make_make_set=yes
am_cv_CC_dependencies_compiler_type=gcc3
am_cv_CXX_dependencies_compiler_type=gcc3
am_cv_make_support_nested_variables=yes
am_cv_prog_cc_c_o=yes
lt_cv_ar_at_file=@
lt_cv_archive_cmds_need_lc=no
lt_cv_deplibs_check_method=pass_all
lt_cv_file_magic_cmd='$MAGIC_CMD'
lt_cv_file_magic_test_file=
lt_cv_ld_reload_flag=-r
lt_cv_nm_interface='BSD nm'
lt_cv_objdir=.libs
lt_cv_path_LD=/usr/bin/ld
lt_cv_path_LDCXX='/usr/bin/ld -m elf_x86_64'
lt_cv_path_NM='/usr/bin/nm -B'
lt_cv_path_mainfest_tool=no
lt_cv_prog_compiler_c_o=yes
lt_cv_prog_compiler_c_o_CXX=yes
lt_cv_prog_compiler_pic='-fPIC -DPIC'
lt_cv_prog_compiler_pic_CXX='-fPIC -DPIC'
lt_cv_prog_compiler_pic_works=yes
lt_cv_prog_compiler_pic_works_CXX=yes
lt_cv_prog_compiler_rtti_exceptions=no
lt_cv_prog_compiler_static_works=yes
lt_cv_prog_compiler_static_works_CXX=yes
lt_cv_prog_gnu_ld=yes
lt_cv_prog_gnu_ldcxx=yes
lt_cv_sharedlib_from_linklib_cmd='printf %s\n'
lt_cv_shlibpath_overrides_runpath=no
lt_cv_sys_global_symbol_pipe='sed -n -e '\''s/^.*[	 ]\([ABCDGIRSTW][ABCDGIRSTW]*\)[	 ][	 ]*\([_A-Za-z][_A-Za-z0-9]*\)$/\1 \2 \2/p'\'' | sed '\''/ __gnu_lto/d'\'''
lt_cv_sys_global_symbol_to_c_name_address='sed -n -e '\''s/^: \(.*\) .*$/  {"\1", (void *) 0},/p'\'' -e '\''s/^[ABCDGIRSTW][ABCDGIRSTW]* .* \(.*\)$/  {"\1", (void *) \&\1},/p'\'''
lt_cv_sys_global_symbol_to_c_name_address_lib_prefix='sed -n -e '\''s/^: \(.*\) .*$/  {"\1", (void *) 0},/p'\'' -e '\''s/^[ABCDGIRSTW][ABCDGIRSTW]* .* \(lib.*\)$/  {"\1", (void *) \&\1},/p'\'' -e '\''s/^[ABCDGIRSTW][ABCDGIRSTW]* .* \(.*\)$/  {"lib\1", (void *) \&\1},/p'\'''
lt_cv_sys_global_symbol_to_cdecl='sed -n -e '\''s/^T .* \(.*\)$/extern int \1();/p'\'' -e '\''s/^[ABCDGIRSTW][ABCDGIRSTW]* .* \(.*\)$/extern char \1;/p'\'''
lt_cv_sys_global_symbol_to_import=
lt_cv_sys_max_cmd_len=1572864
lt_cv_to_host_file_cmd=func_convert_file_noop
lt_cv_to_tool_file_cmd=func_convert_file_noop
lt_cv_truncate_bin='/bin/dd bs=4096 count=1'
pkg_cv_CEGUI_0_OGRE_CFLAGS='-pthread -I/lusr/opt/cegui-0.8.7/include/cegui-0 -I/usr/include/OGRE'
pkg_cv_CEGUI_0_OGRE_LIBS='-L/lusr/opt/cegui-0.8.7/lib -lCEGUIOgreRenderer-0 -lOgreMain -lpthread -lCEGUIBase-0'
pkg_cv_CEGUI_CFLAGS=-I/lusr/opt/cegui-0.8.7/include/cegui-0
pkg_cv_CEGUI_LIBS='-L/lusr/opt/cegui-0.8.7/lib -lCEGUIBase-0'
pkg_cv_OGRE_CFLAGS='-pthread -I/usr/include/OGRE'
pkg_cv_OGRE_LIBS='-lOgreMain -lpthread'
pkg_cv_OIS_CFLAGS=-I/usr/include/ois
pkg_cv_OIS_LIBS=-lOIS
pkg_cv_SDL_CFLAGS='-D_GNU_SOURCE=1 -D_REENTRANT -I/usr/include/SDL'
pkg_cv_SDL_LIBS=-lSDL
pkg_cv_SDL_net_CFLAGS='-D_GNU_SOURCE=1 -D_REENTRANT -I/usr/include/SDL'
pkg_cv_SDL_net_LIBS='-lSDL_net -lSDL'
pkg_cv_bullet_CFLAGS=-I/usr/include/bullet
pkg_cv_bullet_LIBS='-lBulletSoftBody -lBulletDynamics -lBulletCollision -lLinearMath'

## ----------------- ##
## Output variables. ##
## ----------------- ##

ACLOCAL='${SHELL} /v/filer5b/v38q001/joser/Documents/CS_354R/Assignment2/game-tech-assignment2/missing aclocal-1.15'
AMDEPBACKSLASH='\'
AMDEP_FALSE='#'
AMDEP_TRUE=''
AMTAR='$${TAR-tar}'
AM_BACKSLASH='\'
AM_DEFAULT_V='$(AM_DEFAULT_VERBOSITY)'
AM_DEFAULT_VERBOSITY='1'
AM_V='$(V)'
AR='ar'
AUTOCONF='${SHELL} /v/filer5b/v38q001/joser/Documents/CS_354R/Assignment2/game-tech-assignment2/missing autoconf'
AUTOHEADER='${SHELL} /v/filer5b/v38q001/joser/Documents/CS_354R/Assignment2/game-tech-assignment2/missing autoheader'
AUTOMAKE='${SHELL} /v/filer5b/v38q001/joser/Documents/CS_354R/Assignment2/game-tech-assignment2/missing automake-1.15'
AWK='gawk'
BULLET_CFLAGS=''
BULLET_LIBS=''
CC='gcc'
CCDEPMODE='depmode=gcc3'
CEGUI_0_OGRE_CFLAGS='-pthread -I/lusr/opt/cegui-0.8.7/include/cegui-0 -I/usr/include/OGRE'
CEGUI_0_OGRE_LIBS='-L/lusr/opt/cegui-0.8.7/lib -lCEGUIOgreRenderer-0 -lOgreMain -lpthread -lCEGUIBase-0'
CEGUI_CFLAGS='-I/lusr/opt/cegui-0.8.7/include/cegui-0'
CEGUI_LIBS='-L/lusr/opt/cegui-0.8.7/lib -lCEGUIBase-0'
CEGUI_OGRE_CFLAGS=''
CEGUI_OGRE_LIBS=''
CFLAGS='-g -O2'
CPP='gcc -E'
CPPFLAGS=''
CXX='g++'
CXXCPP='g++ -E'
CXXDEPMODE='depmode=gcc3'
CXXFLAGS='-g -O2'
CYGPATH_W='echo'
DEFS='-DHAVE_CONFIG_H'
DEPDIR='.deps'
DLLTOOL='false'
DSYMUTIL=''
DUMPBIN=''
ECHO_C=''
ECHO_N='-n'
ECHO_T=''
EGREP='/bin/grep -E'
EXEEXT=''
FGREP='/bin/grep -F'
GREP='/bin/grep'
INSTALL_DATA='${INSTALL} -m 644'
INSTALL_PROGRAM='${INSTALL}'
INSTALL_SCRIPT='${INSTALL}'
INSTALL_STRIP_PROGRAM='$(install_sh) -c -s'
LD='/usr/bin/ld -m elf_x86_64'
LDFLAGS=''
LIBOBJS=''
LIBS=''
LIBTOOL='$(SHELL) $(top_builddir)/libtool'
LIPO=''
LN_S='ln -s'
LTLIBOBJS=''
LT_SYS_LIBRARY_PATH=''
MAKEINFO='${SHELL} /v/filer5b/v38q001/joser/Documents/CS_354R/Assignment2/game-tech-assignment2/missing makeinfo'
MANIFEST_TOOL=':'
MKDIR_P='/bin/mkdir -p'
NM='/usr/bin/nm -B'
NMEDIT=''
OBJDUMP='objdump'
OBJEXT='o'
OGRE_CFLAGS='-pthread -I/usr/include/OGRE'
OGRE_LIBS='-lOgreMain -lpthread'
OIS_CFLAGS='-I/usr/include/ois'
OIS_LIBS='-lOIS'
OTOOL64=''
OTOOL=''
PACKAGE='SampleApp'
PACKAGE_BUGREPORT=''
PACKAGE_NAME=''
PACKAGE_STRING=''
PACKAGE_TARNAME=''
PACKAGE_URL=''
PACKAGE_VERSION=''
PATH_SEPARATOR=':'
PKG_CONFIG='/usr/bin/pkg-config'
PKG_CONFIG_LIBDIR=''
PKG_CONFIG_PATH=''
RANLIB='ranlib'
SDL_CFLAGS='-D_GNU_SOURCE=1 -D_REENTRANT -I/usr/include/SDL'
SDL_LIBS='-lSDL'
SDL_net_CFLAGS='-D_GNU_SOURCE=1 -D_REENTRANT -I/usr/include/SDL'
SDL_net_LIBS='-lSDL_net -lSDL'
SED='/bin/sed'
SET_MAKE=''
SHELL='/bin/bash'
STRIP='strip'
VERSION='0.1'
ac_ct_AR='ar'
ac_ct_CC='gcc'
ac_ct_CXX='g++'
ac_ct_DUMPBIN=''
am__EXEEXT_FALSE=''
am__EXEEXT_TRUE='#'
am__fastdepCC_FALSE='#'
am__fastdepCC_TRUE=''
am__fastdepCXX_FALSE='#'
am__fastdepCXX_TRUE=''
am__include='include'
am__isrc=''
am__leading_dot='.'
am__nodep='_no'
am__quote=''
am__tar='$${TAR-tar} chof - "$$tardir"'
am__untar='$${TAR-tar} xf -'
bindir='${exec_prefix}/bin'
build='x86_64-pc-linux-gnu'
build_alias=''
build_cpu='x86_64'
build_os='linux-gnu'
build_vendor='pc'
bullet_CFLAGS='-I/usr/include/bullet'
bullet_LIBS='-lBulletSoftBody -lBulletDynamics -lBulletCollision -lLinearMath'
datadir='${datarootdir}'
datarootdir='${prefix}/share'
docdir='${datarootdir}/doc/${PACKAGE}'
dvidir='${docdir}'
exec_prefix='${prefix}'
host='x86_64-pc-linux-gnu'
host_alias=''
host_cpu='x86_64'
host_os='linux-gnu'
host_vendor='pc'
htmldir='${docdir}'
includedir='${prefix}/include'
infodir='${datarootdir}/info'
install_sh='${SHELL} /v/filer5b/v38q001/joser/Documents/CS_354R/Assignment2/game-tech-assignment2/install-sh'
libdir='${exec_prefix}/lib'
libexecdir='${exec_prefix}/libexec'
localedir='${datarootdir}/locale'
localstatedir='${prefix}/var'
mandir='${datarootdir}/man'
mkdir_p='$(MKDIR_P)'
oldincludedir='/usr/include'
pdfdir='${docdir}'
prefix='/usr/local'
program_transform_name='s,x,x,'
psdir='${docdir}'
runstatedir='${localstatedir}/run'
sbindir='${exec_prefix}/sbin'
sharedstatedir='${prefix}/com'
sysconfdir='${prefix}/etc'
target_alias=''

## ----------- ##
## confdefs.h. ##
## ----------- ##

/* confdefs.h */
#define PACKAGE_NAME ""
#define PACKAGE_TARNAME ""
#define PACKAGE_VERSION ""
#define PACKAGE_STRING ""
#define PACKAGE_BUGREPORT ""
#define PACKAGE_URL ""
#define PACKAGE "SampleApp"
#define VERSION "0.1"
#define STDC_HEADERS 1
#define HAVE_SYS_TYPES_H 1
#define HAVE_SYS_STAT_H 1
#define HAVE_STDLIB_H 1
#define HAVE_STRING_H 1
#define HAVE_MEMORY_H 1
#define HAVE_STRINGS_H 1
#define HAVE_INTTYPES_H 1
#define HAVE_STDINT_H 1
#define HAVE_UNISTD_H 1
#define HAVE_DLFCN_H 1
#define LT_OBJDIR ".libs/"

configure: exit 0

## ---------------------- ##
## Running config.status. ##
## ---------------------- ##

This file was extended by config.status, which was
generated by GNU Autoconf 2.69.  Invocation command line was

  CONFIG_FILES    = 
  CONFIG_HEADERS  = 
  CONFIG_LINKS    = 
  CONFIG_COMMANDS = 
  $ ./config.status config.h

on puppis

config.status:1168: creating config.h
config.status:1349: config.h is unchanged
